[23-Jul-2021 19:00:59] NOTICE: fpm is running, pid 36244
[23-Jul-2021 19:00:59] NOTICE: ready to handle connections
[24-Jul-2021 16:05:22] NOTICE: Terminating ...
[24-Jul-2021 16:05:22] NOTICE: Terminating ...
[24-Jul-2021 16:05:22] NOTICE: exiting, bye-bye!
[24-Jul-2021 16:57:41] NOTICE: fpm is running, pid 2703
[24-Jul-2021 16:57:41] NOTICE: ready to handle connections
[29-Jul-2021 12:59:14] NOTICE: Terminating ...
[29-Jul-2021 12:59:14] NOTICE: Terminating ...
[29-Jul-2021 12:59:14] NOTICE: exiting, bye-bye!
[29-Jul-2021 16:16:08] NOTICE: fpm is running, pid 647
[29-Jul-2021 16:16:08] NOTICE: ready to handle connections
[06-Aug-2021 15:10:36] NOTICE: Terminating ...
[06-Aug-2021 15:10:36] NOTICE: Terminating ...
[06-Aug-2021 15:10:36] NOTICE: exiting, bye-bye!
[08-Aug-2021 09:35:56] NOTICE: fpm is running, pid 5593
[08-Aug-2021 09:35:56] NOTICE: ready to handle connections
[18-Aug-2021 15:03:00] NOTICE: fpm is running, pid 50446
[18-Aug-2021 15:03:00] NOTICE: ready to handle connections
[21-Aug-2021 09:30:09] NOTICE: Terminating ...
[21-Aug-2021 09:30:09] NOTICE: Terminating ...
[21-Aug-2021 09:30:09] NOTICE: exiting, bye-bye!
[21-Aug-2021 09:31:30] NOTICE: fpm is running, pid 65395
[21-Aug-2021 09:31:30] NOTICE: ready to handle connections
[07-Sep-2021 12:35:36] NOTICE: Terminating ...
[07-Sep-2021 12:35:36] NOTICE: Terminating ...
[07-Sep-2021 12:35:36] NOTICE: exiting, bye-bye!
