AH00558: httpd: Could not reliably determine the server's fully qualified domain name, using hayasakaatsushinoMacBook-Air.local. Set the 'ServerName' directive globally to suppress this message
[Fri Jul 23 19:00:59.895778 2021] [mpm_event:notice] [pid 36246:tid 4583898624] AH00489: Apache/2.4.43 (Unix) configured -- resuming normal operations
[Fri Jul 23 19:00:59.896364 2021] [core:notice] [pid 36246:tid 4583898624] AH00094: Command line: '/Users/hayasakaatsushi/Library/Application Support/Local/lightning-services/apache-2.4.43+6/bin/darwin/bin/httpd -D FOREGROUND -f /Users/hayasakaatsushi/Library/Application Support/Local/run/ll9ZWRjUQ/conf/apache/apache2.conf'
[Sat Jul 24 16:05:22.386547 2021] [mpm_event:notice] [pid 36246:tid 4583898624] AH00491: caught SIGTERM, shutting down
AH00558: httpd: Could not reliably determine the server's fully qualified domain name, using 192.168.43.42. Set the 'ServerName' directive globally to suppress this message
[Sat Jul 24 16:57:42.077940 2021] [mpm_event:notice] [pid 2705:tid 4647616000] AH00489: Apache/2.4.43 (Unix) configured -- resuming normal operations
[Sat Jul 24 16:57:42.078480 2021] [core:notice] [pid 2705:tid 4647616000] AH00094: Command line: '/Users/hayasakaatsushi/Library/Application Support/Local/lightning-services/apache-2.4.43+6/bin/darwin/bin/httpd -D FOREGROUND -f /Users/hayasakaatsushi/Library/Application Support/Local/run/ll9ZWRjUQ/conf/apache/apache2.conf'
[Thu Jul 29 12:59:14.511942 2021] [mpm_event:notice] [pid 2705:tid 4647616000] AH00491: caught SIGTERM, shutting down
AH00558: httpd: Could not reliably determine the server's fully qualified domain name, using hayasakaatsushinoMacBook-Air.local. Set the 'ServerName' directive globally to suppress this message
[Thu Jul 29 16:16:08.198347 2021] [mpm_event:notice] [pid 649:tid 4516838912] AH00489: Apache/2.4.43 (Unix) configured -- resuming normal operations
[Thu Jul 29 16:16:08.199005 2021] [core:notice] [pid 649:tid 4516838912] AH00094: Command line: '/Users/hayasakaatsushi/Library/Application Support/Local/lightning-services/apache-2.4.43+6/bin/darwin/bin/httpd -D FOREGROUND -f /Users/hayasakaatsushi/Library/Application Support/Local/run/ll9ZWRjUQ/conf/apache/apache2.conf'
[Fri Aug 06 15:10:36.965360 2021] [mpm_event:notice] [pid 649:tid 4516838912] AH00491: caught SIGTERM, shutting down
AH00558: httpd: Could not reliably determine the server's fully qualified domain name, using 192.168.43.42. Set the 'ServerName' directive globally to suppress this message
[Sun Aug 08 09:35:57.275371 2021] [mpm_event:notice] [pid 5595:tid 4732243456] AH00489: Apache/2.4.43 (Unix) configured -- resuming normal operations
[Sun Aug 08 09:35:57.278775 2021] [core:notice] [pid 5595:tid 4732243456] AH00094: Command line: '/Users/hayasakaatsushi/Library/Application Support/Local/lightning-services/apache-2.4.43+6/bin/darwin/bin/httpd -D FOREGROUND -f /Users/hayasakaatsushi/Library/Application Support/Local/run/ll9ZWRjUQ/conf/apache/apache2.conf'
AH00558: httpd: Could not reliably determine the server's fully qualified domain name, using 192.168.43.42. Set the 'ServerName' directive globally to suppress this message
[Wed Aug 18 15:03:00.208785 2021] [core:warn] [pid 50448:tid 4646125056] AH00098: pid file /Users/hayasakaatsushi/Library/Application Support/Local/run/ll9ZWRjUQ/apache/logs/httpd.pid overwritten -- Unclean shutdown of previous Apache run?
[Wed Aug 18 15:03:00.215390 2021] [mpm_event:notice] [pid 50448:tid 4646125056] AH00489: Apache/2.4.43 (Unix) configured -- resuming normal operations
[Wed Aug 18 15:03:00.215559 2021] [core:notice] [pid 50448:tid 4646125056] AH00094: Command line: '/Users/hayasakaatsushi/Library/Application Support/Local/lightning-services/apache-2.4.43+6/bin/darwin/bin/httpd -D FOREGROUND -f /Users/hayasakaatsushi/Library/Application Support/Local/run/ll9ZWRjUQ/conf/apache/apache2.conf'
[Sat Aug 21 09:30:09.155692 2021] [mpm_event:notice] [pid 50448:tid 4646125056] AH00491: caught SIGTERM, shutting down
AH00558: httpd: Could not reliably determine the server's fully qualified domain name, using 192.168.43.42. Set the 'ServerName' directive globally to suppress this message
[Sat Aug 21 09:31:30.724101 2021] [mpm_event:notice] [pid 65397:tid 4643679744] AH00489: Apache/2.4.43 (Unix) configured -- resuming normal operations
[Sat Aug 21 09:31:30.725345 2021] [core:notice] [pid 65397:tid 4643679744] AH00094: Command line: '/Users/hayasakaatsushi/Library/Application Support/Local/lightning-services/apache-2.4.43+6/bin/darwin/bin/httpd -D FOREGROUND -f /Users/hayasakaatsushi/Library/Application Support/Local/run/ll9ZWRjUQ/conf/apache/apache2.conf'
[Tue Sep 07 12:35:36.573040 2021] [mpm_event:notice] [pid 65397:tid 4643679744] AH00491: caught SIGTERM, shutting down
